[assertion.1] Range Check: FAILURE
[assertion.2] Range Check: SUCCESS
VERIFICATION FAILED
